#
# A fatal error has been detected by the Java Runtime Environment:
#
#  EXCEPTION_ACCESS_VIOLATION (0xc0000005) at pc=0x00007ff96dfb0204, pid=45604, tid=45184
#
# JRE version: OpenJDK Runtime Environment Temurin-17.0.1+12 (17.0.1+12) (build 17.0.1+12)
# Java VM: OpenJDK 64-Bit Server VM Temurin-17.0.1+12 (17.0.1+12, mixed mode, tiered, compressed oops, compressed class ptrs, g1 gc, windows-amd64)
# Problematic frame:
# V  [jvm.dll+0x150204]
#
# No core dump will be written. Minidumps are not enabled by default on client versions of Windows
#
# If you would like to submit a bug report, please visit:
#   https://github.com/adoptium/adoptium-support/issues
#

---------------  S U M M A R Y ------------

Command Line: --add-modules=ALL-SYSTEM --add-opens=java.base/java.util=ALL-UNNAMED --add-opens=java.base/java.lang=ALL-UNNAMED --add-opens=java.base/sun.nio.fs=ALL-UNNAMED -Declipse.application=org.eclipse.jdt.ls.core.id1 -Dosgi.bundles.defaultStartLevel=4 -Declipse.product=org.eclipse.jdt.ls.core.product -Djava.import.generatesMetadataFilesAtProjectRoot=false -Dfile.encoding=utf8 -DwatchParentProcess=false -Xverify:none -Xmx1G -XX:+UseG1GC -XX:+UseStringDeduplication -javaagent:c:\Users\stagiaire-it\.vscode\extensions\gabrielbb.vscode-lombok-1.0.1\server\lombok.jar -XX:+HeapDumpOnOutOfMemoryError -XX:HeapDumpPath=c:\Users\stagiaire-it\AppData\Roaming\Code\User\workspaceStorage\501bcdc318e3f6f3d531f882153e46c1\redhat.java c:\Users\stagiaire-it\.vscode\extensions\redhat.java-1.3.0\server\plugins\org.eclipse.equinox.launcher_1.6.400.v20210924-0641.jar -configuration c:\Users\stagiaire-it\AppData\Roaming\Code\User\globalStorage\redhat.java\1.3.0\config_win -data c:\Users\stagiaire-it\AppData\Roaming\Code\User\workspaceStorage\501bcdc318e3f6f3d531f882153e46c1\redhat.java\jdt_ws

Host: Intel(R) Core(TM) i5-7500 CPU @ 3.40GHz, 4 cores, 7G,  Windows 10 , 64 bit Build 17134 (10.0.17134.753)
Time: Thu Mar  3 15:00:33 2022 Afr. centrale Ouest elapsed time: 31.657961 seconds (0d 0h 0m 31s)

---------------  T H R E A D  ---------------

Current thread (0x00000243cf928090):  JavaThread "C1 CompilerThread0" daemon [_thread_in_native, id=45184, stack(0x000000a956b00000,0x000000a956c00000)]


Current CompileTask:
C1:  31658 2896       3       java.io.ObjectStreamClass$FieldReflector::setObjFieldValues (263 bytes)

Stack: [0x000000a956b00000,0x000000a956c00000],  sp=0x000000a956bfeef0,  free space=1019k
Native frames: (J=compiled Java code, j=interpreted, Vv=VM code, C=native code)
V  [jvm.dll+0x150204]
V  [jvm.dll+0x15003e]
V  [jvm.dll+0x134099]
V  [jvm.dll+0x133bfa]
V  [jvm.dll+0x133de6]
V  [jvm.dll+0x13327a]
V  [jvm.dll+0x134f41]
V  [jvm.dll+0x226e38]
V  [jvm.dll+0x224f7c]
V  [jvm.dll+0x7e3f5b]
V  [jvm.dll+0x7de51a]
V  [jvm.dll+0x673305]
C  [ucrtbase.dll+0x1e3fe]
C  [KERNEL32.DLL+0x14034]
C  [ntdll.dll+0x73691]


siginfo: EXCEPTION_ACCESS_VIOLATION (0xc0000005), reading address 0xffffffffffffffff


Register to memory mapping:

RIP=0x00007ff96dfb0204 jvm.dll
RAX=0x00007ff96e772e99 jvm.dll
RBX=0x000000a956bfef90 is pointing into the stack for thread: 0x00000243cf928090
RCX=0x00000243cff99a80 points into unknown readable memory: 0x00007ff96e772e99 | 99 2e 77 6e f9 7f 00 00
RDX=0x000000a956bfef90 is pointing into the stack for thread: 0x00000243cf928090
RSP=0x000000a956bfeef0 is pointing into the stack for thread: 0x00000243cf928090
RBP=0x0000000000000029 is an unknown value
RSI=0x00000243cff99a80 points into unknown readable memory: 0x00007ff96e772e99 | 99 2e 77 6e f9 7f 00 00
RDI=0x000000000000001c is an unknown value
R8 =0x00000243d17cf948 points into unknown readable memory: 0x0000000000000000 | 00 00 00 00 00 00 00 00
R9 =0x0 is NULL
R10=0x00000243d17cf946 points into unknown readable memory: 12 c0
R11=0x000000a956bfee20 is pointing into the stack for thread: 0x00000243cf928090
R12=0x0000000000000027 is an unknown value
R13=0x00000243cff98e70 points into unknown readable memory: 0x0000004000000027 | 27 00 00 00 40 00 00 00
R14=0x00000243d1863380 points into unknown readable memory: 0x0000002f00000029 | 29 00 00 00 2f 00 00 00
R15=0x0000000000000013 is an unknown value


Registers:
RAX=0x00007ff96e772e99, RBX=0x000000a956bfef90, RCX=0x00000243cff99a80, RDX=0x000000a956bfef90
RSP=0x000000a956bfeef0, RBP=0x0000000000000029, RSI=0x00000243cff99a80, RDI=0x000000000000001c
R8 =0x00000243d17cf948, R9 =0x0000000000000000, R10=0x00000243d17cf946, R11=0x000000a956bfee20
R12=0x0000000000000027, R13=0x00000243cff98e70, R14=0x00000243d1863380, R15=0x0000000000000013
RIP=0x00007ff96dfb0204, EFLAGS=0x0000000000010246

Top of Stack: (sp=0x000000a956bfeef0)
0x000000a956bfeef0:   000000a956bfef90 000000a956bfef90
0x000000a956bfef00:   00000243cff999f0 000000000000001c
0x000000a956bfef10:   00000243bb4d5010 00000243d1863380
0x000000a956bfef20:   000000a956bff730 00000243b88341c0
0x000000a956bfef30:   000000a956bfef90 00007ff96dfb003e
0x000000a956bfef40:   0000000000000029 00000243d1b968b0
0x000000a956bfef50:   000000000000001c 0000040000000361
0x000000a956bfef60:   00007ff96e95cc40 00007ff96df94099
0x000000a956bfef70:   00000243d17cfa00 000000a956bff330
0x000000a956bfef80:   000000a956bff260 0000000000000000
0x000000a956bfef90:   00000243d17cfa00 00000243d17cfa30
0x000000a956bfefa0:   00000243b881c0d0 000000a956bff260
0x000000a956bfefb0:   00000243d18599b0 0000000000000000
0x000000a956bfefc0:   0000000000000000 0000000000000000
0x000000a956bfefd0:   00000000ffffffff 00007ff96df93532
0x000000a956bfefe0:   0000000000000000 0000000000000000 

Instructions: (pc=0x00007ff96dfb0204)
0x00007ff96dfb0104:   48 8b 04 07 83 78 18 ff 75 36 48 8b 50 10 48 85
0x00007ff96dfb0114:   d2 74 20 83 3a 01 7e 1b 49 8b 0f 4c 8b 41 08 41
0x00007ff96dfb0124:   8b 48 10 41 2b 08 89 48 18 49 8b cf e8 4b 00 00
0x00007ff96dfb0134:   00 eb 0d 48 8b 48 08 8b 91 18 01 00 00 89 50 18
0x00007ff96dfb0144:   ff c3 48 83 c7 08 3b 1e 7c b2 ff c5 49 83 c6 08
0x00007ff96dfb0154:   41 3b 6d 00 7c 86 4c 8b 74 24 58 48 8b 7c 24 50
0x00007ff96dfb0164:   48 8b 74 24 48 48 8b 5c 24 40 48 83 c4 20 41 5f
0x00007ff96dfb0174:   41 5d 5d c3 cc cc cc cc cc cc cc cc 40 53 41 54
0x00007ff96dfb0184:   41 55 48 83 ec 30 4c 8b ea 48 8b d9 e8 cb 9c eb
0x00007ff96dfb0194:   ff 4d 63 65 00 4d 85 e4 0f 8e 36 01 00 00 48 89
0x00007ff96dfb01a4:   74 24 58 4c 89 7c 24 20 45 33 ff 48 89 6c 24 50
0x00007ff96dfb01b4:   48 89 7c 24 60 4c 89 74 24 28 66 90 49 8b 45 08
0x00007ff96dfb01c4:   4a 8b 34 f8 48 8b 03 48 8b 48 08 8b 41 18 2b 41
0x00007ff96dfb01d4:   10 3d 00 08 00 00 7d 10 48 8b 4b 18 48 8d 15 69
0x00007ff96dfb01e4:   39 7d 00 e8 f4 34 fe ff 48 8b 43 18 48 83 78 68
0x00007ff96dfb01f4:   00 0f 85 c4 00 00 00 48 8b 06 48 8b d3 48 8b ce
0x00007ff96dfb0204:   ff 50 10 48 8b 4b 18 e8 50 3d fe ff 80 78 08 00
0x00007ff96dfb0214:   0f 84 99 00 00 00 48 8b 76 28 48 85 f6 0f 84 8c
0x00007ff96dfb0224:   00 00 00 48 8b 03 48 8b 48 08 8b 79 10 2b 39 48
0x00007ff96dfb0234:   39 73 30 74 77 48 8b 06 48 8b ce ff 90 b8 00 00
0x00007ff96dfb0244:   00 48 85 c0 74 06 48 8b 68 60 eb 04 48 8b 6e 40
0x00007ff96dfb0254:   48 85 ed 74 5a 4c 8b 73 30 4d 85 f6 74 35 49 8b
0x00007ff96dfb0264:   06 49 8b ce ff 90 b8 00 00 00 48 85 c0 74 06 48
0x00007ff96dfb0274:   8b 40 60 eb 04 49 8b 46 40 48 3b c5 74 2e 39 7b
0x00007ff96dfb0284:   38 7d 08 48 8b cb e8 31 0e 00 00 48 c7 43 30 00
0x00007ff96dfb0294:   00 00 00 48 8b 4b 18 e8 c0 3c fe ff 48 8b c8 e8
0x00007ff96dfb02a4:   68 09 00 00 3b f8 7e 07 48 89 73 30 89 7b 38 49
0x00007ff96dfb02b4:   ff c7 4d 3b fc 0f 8c 01 ff ff ff 4c 8b 74 24 28
0x00007ff96dfb02c4:   48 8b 7c 24 60 48 8b 6c 24 50 48 8b 74 24 58 4c
0x00007ff96dfb02d4:   8b 7c 24 20 48 83 c4 30 41 5d 41 5c 5b c3 cc cc
0x00007ff96dfb02e4:   cc cc cc cc cc cc cc cc cc cc cc cc 40 56 48 83
0x00007ff96dfb02f4:   ec 20 0f b7 42 10 48 8b f1 83 c0 fe 83 f8 10 0f 


Stack slot to memory mapping:
stack at sp + 0 slots: 0x000000a956bfef90 is pointing into the stack for thread: 0x00000243cf928090
stack at sp + 1 slots: 0x000000a956bfef90 is pointing into the stack for thread: 0x00000243cf928090
stack at sp + 2 slots: 0x00000243cff999f0 points into unknown readable memory: 0x00007ff96e772e98 | 98 2e 77 6e f9 7f 00 00
stack at sp + 3 slots: 0x000000000000001c is an unknown value
stack at sp + 4 slots: 0x00000243bb4d5010 is at code_begin+-112 in 
[CodeBlob (0x00000243bb4d5010)]
Framesize: 0
BufferBlob (0x00000243bb4d5010) used for C1 temporary CodeBuffer
stack at sp + 5 slots: 0x00000243d1863380 points into unknown readable memory: 0x0000002f00000029 | 29 00 00 00 2f 00 00 00
stack at sp + 6 slots: 0x000000a956bff730 is pointing into the stack for thread: 0x00000243cf928090
stack at sp + 7 slots: 0x00000243b88341c0 points into unknown readable memory: 0x00007ff96e77b6b0 | b0 b6 77 6e f9 7f 00 00


---------------  P R O C E S S  ---------------

Threads class SMR info:
_java_thread_list=0x00000243d004e9c0, length=23, elements={
0x00000243b8802540, 0x00000243cef42740, 0x00000243cef43f30, 0x00000243cef592c0,
0x00000243cef5b8e0, 0x00000243cef88e70, 0x00000243cef8b300, 0x00000243cef8db10,
0x00000243cf928090, 0x00000243cf9489b0, 0x00000243cfa66980, 0x00000243cfbfe600,
0x00000243d12a69a0, 0x00000243d107e010, 0x00000243d107e4e0, 0x00000243d10c6b10,
0x00000243d1440140, 0x00000243d024ff00, 0x00000243d0285150, 0x00000243d02877d0,
0x00000243d0287300, 0x00000243d0287ca0, 0x00000243d1840e50
}

Java Threads: ( => current thread )
  0x00000243b8802540 JavaThread "main" [_thread_blocked, id=45732, stack(0x000000a955c00000,0x000000a955d00000)]
  0x00000243cef42740 JavaThread "Reference Handler" daemon [_thread_blocked, id=45744, stack(0x000000a956400000,0x000000a956500000)]
  0x00000243cef43f30 JavaThread "Finalizer" daemon [_thread_blocked, id=31624, stack(0x000000a956500000,0x000000a956600000)]
  0x00000243cef592c0 JavaThread "Signal Dispatcher" daemon [_thread_blocked, id=45340, stack(0x000000a956600000,0x000000a956700000)]
  0x00000243cef5b8e0 JavaThread "Attach Listener" daemon [_thread_blocked, id=45380, stack(0x000000a956700000,0x000000a956800000)]
  0x00000243cef88e70 JavaThread "Service Thread" daemon [_thread_blocked, id=45672, stack(0x000000a956800000,0x000000a956900000)]
  0x00000243cef8b300 JavaThread "Monitor Deflation Thread" daemon [_thread_blocked, id=44848, stack(0x000000a956900000,0x000000a956a00000)]
  0x00000243cef8db10 JavaThread "C2 CompilerThread0" daemon [_thread_blocked, id=45452, stack(0x000000a956a00000,0x000000a956b00000)]
=>0x00000243cf928090 JavaThread "C1 CompilerThread0" daemon [_thread_in_native, id=45184, stack(0x000000a956b00000,0x000000a956c00000)]
  0x00000243cf9489b0 JavaThread "Sweeper thread" daemon [_thread_blocked, id=45272, stack(0x000000a956c00000,0x000000a956d00000)]
  0x00000243cfa66980 JavaThread "Common-Cleaner" daemon [_thread_blocked, id=45276, stack(0x000000a956d00000,0x000000a956e00000)]
  0x00000243cfbfe600 JavaThread "Notification Thread" daemon [_thread_blocked, id=45080, stack(0x000000a956e00000,0x000000a956f00000)]
  0x00000243d12a69a0 JavaThread "Active Thread: Equinox Container: bd2f459a-4c33-47ec-a0a6-867fa7dc7221" [_thread_blocked, id=45768, stack(0x000000a957000000,0x000000a957100000)]
  0x00000243d107e010 JavaThread "Framework Event Dispatcher: Equinox Container: bd2f459a-4c33-47ec-a0a6-867fa7dc7221" daemon [_thread_blocked, id=46204, stack(0x000000a957500000,0x000000a957600000)]
  0x00000243d107e4e0 JavaThread "Start Level: Equinox Container: bd2f459a-4c33-47ec-a0a6-867fa7dc7221" daemon [_thread_in_vm, id=46208, stack(0x000000a957600000,0x000000a957700000)]
  0x00000243d10c6b10 JavaThread "SCR Component Actor" daemon [_thread_blocked, id=46212, stack(0x000000a957700000,0x000000a957800000)]
  0x00000243d1440140 JavaThread "Bundle File Closer" daemon [_thread_blocked, id=46404, stack(0x000000a957400000,0x000000a957500000)]
  0x00000243d024ff00 JavaThread "Worker-JM" [_thread_blocked, id=46708, stack(0x000000a957900000,0x000000a957a00000)]
  0x00000243d0285150 JavaThread "Worker-0" [_thread_blocked, id=43684, stack(0x000000a957800000,0x000000a957900000)]
  0x00000243d02877d0 JavaThread "Worker-1" [_thread_blocked, id=41736, stack(0x000000a957a00000,0x000000a957b00000)]
  0x00000243d0287300 JavaThread "Worker-2" [_thread_blocked, id=32144, stack(0x000000a957b00000,0x000000a957c00000)]
  0x00000243d0287ca0 JavaThread "Java indexing" daemon [_thread_blocked, id=33068, stack(0x000000a957c00000,0x000000a957d00000)]
  0x00000243d1840e50 JavaThread "C2 CompilerThread1" daemon [_thread_blocked, id=48556, stack(0x000000a957d00000,0x000000a957e00000)]

Other Threads:
  0x00000243cef2ddf0 VMThread "VM Thread" [stack: 0x000000a956300000,0x000000a956400000] [id=29104]
  0x00000243cfbff8b0 WatcherThread [stack: 0x000000a956f00000,0x000000a957000000] [id=45632]
  0x00000243b882f4c0 GCTaskThread "GC Thread#0" [stack: 0x000000a955d00000,0x000000a955e00000] [id=44652]
  0x00000243d017d090 GCTaskThread "GC Thread#1" [stack: 0x000000a957100000,0x000000a957200000] [id=29132]
  0x00000243cfce3e50 GCTaskThread "GC Thread#2" [stack: 0x000000a957200000,0x000000a957300000] [id=25488]
  0x00000243d0172b10 GCTaskThread "GC Thread#3" [stack: 0x000000a957300000,0x000000a957400000] [id=37452]
  0x00000243b883a1f0 ConcurrentGCThread "G1 Main Marker" [stack: 0x000000a955e00000,0x000000a955f00000] [id=29212]
  0x00000243b883a9a0 ConcurrentGCThread "G1 Conc#0" [stack: 0x000000a955f00000,0x000000a956000000] [id=29168]
  0x00000243b88b1190 ConcurrentGCThread "G1 Refine#0" [stack: 0x000000a956000000,0x000000a956100000] [id=29256]
  0x00000243b88b1950 ConcurrentGCThread "G1 Service" [stack: 0x000000a956100000,0x000000a956200000] [id=29156]
  0x00000243cef294a0 ConcurrentGCThread "StringDedupProcessor" [stack: 0x000000a956200000,0x000000a956300000] [id=45828]

Threads with active compile tasks:
C1 CompilerThread0    31723 2896       3       java.io.ObjectStreamClass$FieldReflector::setObjFieldValues (263 bytes)

VM state: not at safepoint (normal execution)

VM Mutex/Monitor currently owned by a thread: None

Heap address: 0x00000000c0000000, size: 1024 MB, Compressed Oops mode: 32-bit

CDS archive(s) not mapped
Compressed class space mapped at: 0x0000000100000000-0x0000000140000000, reserved size: 1073741824
Narrow klass base: 0x0000000000000000, Narrow klass shift: 3, Narrow klass range: 0x140000000

GC Precious Log:
 CPUs: 4 total, 4 available
 Memory: 8071M
 Large Page Support: Disabled
 NUMA Support: Disabled
 Compressed Oops: Enabled (32-bit)
 Heap Region Size: 1M
 Heap Min Capacity: 8M
 Heap Initial Capacity: 128M
 Heap Max Capacity: 1G
 Pre-touch: Disabled
 Parallel Workers: 4
 Concurrent Workers: 1
 Concurrent Refinement Workers: 4
 Periodic GC: Disabled
 String Deduplication is enabled

Heap:
 garbage-first heap   total 45056K, used 27325K [0x00000000c0000000, 0x0000000100000000)
  region size 1024K, 18 young (18432K), 2 survivors (2048K)
 Metaspace       used 26543K, committed 27136K, reserved 1081344K
  class space    used 2633K, committed 2880K, reserved 1048576K

Heap Regions: E=young(eden), S=young(survivor), O=old, HS=humongous(starts), HC=humongous(continues), CS=collection set, F=free, OA=open archive, CA=closed archive, TAMS=top-at-mark-start (previous, next)
|   0|0x00000000c0000000, 0x00000000c0100000, 0x00000000c0100000|100%| O|  |TAMS 0x00000000c0100000, 0x00000000c0000000| Untracked 
|   1|0x00000000c0100000, 0x00000000c0200000, 0x00000000c0200000|100%| O|  |TAMS 0x00000000c0200000, 0x00000000c0100000| Untracked 
|   2|0x00000000c0200000, 0x00000000c0300000, 0x00000000c0300000|100%| O|  |TAMS 0x00000000c024de00, 0x00000000c0200000| Untracked 
|   3|0x00000000c0300000, 0x00000000c0400000, 0x00000000c0400000|100%| O|  |TAMS 0x00000000c0300000, 0x00000000c0300000| Untracked 
|   4|0x00000000c0400000, 0x00000000c0500000, 0x00000000c0500000|100%| O|  |TAMS 0x00000000c0400000, 0x00000000c0400000| Untracked 
|   5|0x00000000c0500000, 0x00000000c0600000, 0x00000000c0600000|100%| O|  |TAMS 0x00000000c0500000, 0x00000000c0500000| Untracked 
|   6|0x00000000c0600000, 0x00000000c0700000, 0x00000000c0700000|100%| O|  |TAMS 0x00000000c0600000, 0x00000000c0600000| Untracked 
|   7|0x00000000c0700000, 0x00000000c0800000, 0x00000000c0800000|100%| O|  |TAMS 0x00000000c0700000, 0x00000000c0700000| Untracked 
|   8|0x00000000c0800000, 0x00000000c0900000, 0x00000000c0900000|100%| O|  |TAMS 0x00000000c0800000, 0x00000000c0800000| Untracked 
|   9|0x00000000c0900000, 0x00000000c0a00000, 0x00000000c0a00000|100%| O|  |TAMS 0x00000000c0900000, 0x00000000c0900000| Untracked 
|  10|0x00000000c0a00000, 0x00000000c0a77e00, 0x00000000c0b00000| 46%| O|  |TAMS 0x00000000c0a00000, 0x00000000c0a00000| Untracked 
|  11|0x00000000c0b00000, 0x00000000c0b00000, 0x00000000c0c00000|  0%| F|  |TAMS 0x00000000c0b00000, 0x00000000c0b00000| Untracked 
|  12|0x00000000c0c00000, 0x00000000c0c00000, 0x00000000c0d00000|  0%| F|  |TAMS 0x00000000c0c00000, 0x00000000c0c00000| Untracked 
|  13|0x00000000c0d00000, 0x00000000c0d00000, 0x00000000c0e00000|  0%| F|  |TAMS 0x00000000c0d00000, 0x00000000c0d00000| Untracked 
|  14|0x00000000c0e00000, 0x00000000c0e00000, 0x00000000c0f00000|  0%| F|  |TAMS 0x00000000c0e00000, 0x00000000c0e00000| Untracked 
|  15|0x00000000c0f00000, 0x00000000c0f00000, 0x00000000c1000000|  0%| F|  |TAMS 0x00000000c0f00000, 0x00000000c0f00000| Untracked 
|  16|0x00000000c1000000, 0x00000000c1037830, 0x00000000c1100000| 21%| S|CS|TAMS 0x00000000c1000000, 0x00000000c1000000| Complete 
|  17|0x00000000c1100000, 0x00000000c1200000, 0x00000000c1200000|100%| S|CS|TAMS 0x00000000c1100000, 0x00000000c1100000| Complete 
|  18|0x00000000c1200000, 0x00000000c1200000, 0x00000000c1300000|  0%| F|  |TAMS 0x00000000c1200000, 0x00000000c1200000| Untracked 
|  19|0x00000000c1300000, 0x00000000c1300000, 0x00000000c1400000|  0%| F|  |TAMS 0x00000000c1300000, 0x00000000c1300000| Untracked 
|  20|0x00000000c1400000, 0x00000000c1400000, 0x00000000c1500000|  0%| F|  |TAMS 0x00000000c1400000, 0x00000000c1400000| Untracked 
|  21|0x00000000c1500000, 0x00000000c1500000, 0x00000000c1600000|  0%| F|  |TAMS 0x00000000c1500000, 0x00000000c1500000| Untracked 
|  22|0x00000000c1600000, 0x00000000c1600000, 0x00000000c1700000|  0%| F|  |TAMS 0x00000000c1600000, 0x00000000c1600000| Untracked 
|  23|0x00000000c1700000, 0x00000000c1700000, 0x00000000c1800000|  0%| F|  |TAMS 0x00000000c1700000, 0x00000000c1700000| Untracked 
|  24|0x00000000c1800000, 0x00000000c1800000, 0x00000000c1900000|  0%| F|  |TAMS 0x00000000c1800000, 0x00000000c1800000| Untracked 
|  25|0x00000000c1900000, 0x00000000c1900000, 0x00000000c1a00000|  0%| F|  |TAMS 0x00000000c1900000, 0x00000000c1900000| Untracked 
|  26|0x00000000c1a00000, 0x00000000c1a00000, 0x00000000c1b00000|  0%| F|  |TAMS 0x00000000c1a00000, 0x00000000c1a00000| Untracked 
|  27|0x00000000c1b00000, 0x00000000c1b467d8, 0x00000000c1c00000| 27%| E|  |TAMS 0x00000000c1b00000, 0x00000000c1b00000| Complete 
|  28|0x00000000c1c00000, 0x00000000c1d00000, 0x00000000c1d00000|100%| E|CS|TAMS 0x00000000c1c00000, 0x00000000c1c00000| Complete 
|  29|0x00000000c1d00000, 0x00000000c1e00000, 0x00000000c1e00000|100%| E|CS|TAMS 0x00000000c1d00000, 0x00000000c1d00000| Complete 
|  30|0x00000000c1e00000, 0x00000000c1f00000, 0x00000000c1f00000|100%| E|CS|TAMS 0x00000000c1e00000, 0x00000000c1e00000| Complete 
|  31|0x00000000c1f00000, 0x00000000c2000000, 0x00000000c2000000|100%| E|CS|TAMS 0x00000000c1f00000, 0x00000000c1f00000| Complete 
|  32|0x00000000c2000000, 0x00000000c2100000, 0x00000000c2100000|100%| E|CS|TAMS 0x00000000c2000000, 0x00000000c2000000| Complete 
|  33|0x00000000c2100000, 0x00000000c2200000, 0x00000000c2200000|100%| E|CS|TAMS 0x00000000c2100000, 0x00000000c2100000| Complete 
|  34|0x00000000c2200000, 0x00000000c2300000, 0x00000000c2300000|100%| E|CS|TAMS 0x00000000c2200000, 0x00000000c2200000| Complete 
|  35|0x00000000c2300000, 0x00000000c2400000, 0x00000000c2400000|100%| E|CS|TAMS 0x00000000c2300000, 0x00000000c2300000| Complete 
|  36|0x00000000c2400000, 0x00000000c2500000, 0x00000000c2500000|100%| E|CS|TAMS 0x00000000c2400000, 0x00000000c2400000| Complete 
|  37|0x00000000c2500000, 0x00000000c2600000, 0x00000000c2600000|100%| E|CS|TAMS 0x00000000c2500000, 0x00000000c2500000| Complete 
|  38|0x00000000c2600000, 0x00000000c2700000, 0x00000000c2700000|100%| E|CS|TAMS 0x00000000c2600000, 0x00000000c2600000| Complete 
|  39|0x00000000c2700000, 0x00000000c2800000, 0x00000000c2800000|100%| E|CS|TAMS 0x00000000c2700000, 0x00000000c2700000| Complete 
|  40|0x00000000c2800000, 0x00000000c2900000, 0x00000000c2900000|100%| E|CS|TAMS 0x00000000c2800000, 0x00000000c2800000| Complete 
|  41|0x00000000c2900000, 0x00000000c2a00000, 0x00000000c2a00000|100%| E|CS|TAMS 0x00000000c2900000, 0x00000000c2900000| Complete 
| 124|0x00000000c7c00000, 0x00000000c7d00000, 0x00000000c7d00000|100%| E|CS|TAMS 0x00000000c7c00000, 0x00000000c7c00000| Complete 
| 127|0x00000000c7f00000, 0x00000000c8000000, 0x00000000c8000000|100%| E|CS|TAMS 0x00000000c7f00000, 0x00000000c7f00000| Complete 

Card table byte_map: [0x00000243ca670000,0x00000243ca870000] _byte_map_base: 0x00000243ca070000

Marking Bits (Prev, Next): (CMBitMap*) 0x00000243b882f8b0, (CMBitMap*) 0x00000243b882f870
 Prev Bits: [0x00000243cba70000, 0x00000243cca70000)
 Next Bits: [0x00000243caa70000, 0x00000243cba70000)

Polling page: 0x00000243b6750000

Metaspace:

Usage:
  Non-class:     23.36 MB used.
      Class:      2.57 MB used.
       Both:     25.94 MB used.

Virtual space:
  Non-class space:       32.00 MB reserved,      23.69 MB ( 74%) committed,  4 nodes.
      Class space:        1.00 GB reserved,       2.81 MB ( <1%) committed,  1 nodes.
             Both:        1.03 GB reserved,      26.50 MB (  3%) committed. 

Chunk freelists:
   Non-Class:  3.84 MB
       Class:  1.02 MB
        Both:  4.86 MB

MaxMetaspaceSize: unlimited
CompressedClassSpaceSize: 1.00 GB
Initial GC threshold: 21.00 MB
Current GC threshold: 35.13 MB
CDS: off
MetaspaceReclaimPolicy: balanced
 - commit_granule_bytes: 65536.
 - commit_granule_words: 8192.
 - virtual_space_node_default_size: 1048576.
 - enlarge_chunks_in_place: 1.
 - new_chunks_are_fully_committed: 0.
 - uncommit_free_chunks: 1.
 - use_allocation_guard: 0.
 - handle_deallocations: 1.


Internal statistics:

num_allocs_failed_limit: 3.
num_arena_births: 274.
num_arena_deaths: 0.
num_vsnodes_births: 5.
num_vsnodes_deaths: 0.
num_space_committed: 424.
num_space_uncommitted: 0.
num_chunks_returned_to_freelist: 3.
num_chunks_taken_from_freelist: 1002.
num_chunk_merges: 3.
num_chunk_splits: 628.
num_chunks_enlarged: 393.
num_purges: 0.
num_inconsistent_stats: 0.

CodeHeap 'non-profiled nmethods': size=120000Kb used=1348Kb max_used=1348Kb free=118651Kb
 bounds [0x00000243c2f40000, 0x00000243c31b0000, 0x00000243ca470000]
CodeHeap 'profiled nmethods': size=120000Kb used=5956Kb max_used=5956Kb free=114043Kb
 bounds [0x00000243bba10000, 0x00000243bbff0000, 0x00000243c2f40000]
CodeHeap 'non-nmethods': size=5760Kb used=1240Kb max_used=1322Kb free=4519Kb
 bounds [0x00000243bb470000, 0x00000243bb6e0000, 0x00000243bba10000]
 total_blobs=3447 nmethods=2898 adapters=461
 compilation: enabled
              stopped_count=0, restarted_count=0
 full_count=0

Compilation events (20 events):
Event: 31.395 Thread 0x00000243cf928090 2887       3       java.io.ObjectInputStream$HandleTable::lookupException (29 bytes)
Event: 31.395 Thread 0x00000243cf928090 nmethod 2887 0x00000243bbfdfe10 code [0x00000243bbfdffc0, 0x00000243bbfe02b8]
Event: 31.395 Thread 0x00000243cf928090 2889       3       java.io.ObjectInputStream$PeekInputStream::read (47 bytes)
Event: 31.395 Thread 0x00000243cf928090 nmethod 2889 0x00000243bbfe0410 code [0x00000243bbfe05c0, 0x00000243bbfe0888]
Event: 31.395 Thread 0x00000243cf928090 2888       3       java.io.ObjectInputStream$PeekInputStream::peek (49 bytes)
Event: 31.396 Thread 0x00000243cf928090 nmethod 2888 0x00000243bbfe0990 code [0x00000243bbfe0b40, 0x00000243bbfe0de8]
Event: 31.396 Thread 0x00000243cf928090 2892       3       java.io.ObjectInputStream$BlockDataInputStream::readByte (20 bytes)
Event: 31.396 Thread 0x00000243cf928090 nmethod 2892 0x00000243bbfe0e90 code [0x00000243bbfe1040, 0x00000243bbfe1298]
Event: 31.396 Thread 0x00000243cf928090 2882       1       java.io.ObjectInputStream$PeekInputStream::getBytesRead (5 bytes)
Event: 31.396 Thread 0x00000243cf928090 nmethod 2882 0x00000243c307d610 code [0x00000243c307d7a0, 0x00000243c307d878]
Event: 31.396 Thread 0x00000243cf928090 2883       1       jdk.internal.event.DeserializationEvent::shouldCommit (2 bytes)
Event: 31.396 Thread 0x00000243cf928090 nmethod 2883 0x00000243c307d910 code [0x00000243c307daa0, 0x00000243c307db78]
Event: 31.396 Thread 0x00000243cf928090 2884       1       java.io.ObjectInputStream$HandleTable::size (5 bytes)
Event: 31.396 Thread 0x00000243cf928090 nmethod 2884 0x00000243c307dc10 code [0x00000243c307dda0, 0x00000243c307de78]
Event: 31.396 Thread 0x00000243cf928090 2890       1       java.io.ObjectStreamClass::getPrimDataSize (5 bytes)
Event: 31.396 Thread 0x00000243cf928090 nmethod 2890 0x00000243c307df10 code [0x00000243c307e0a0, 0x00000243c307e178]
Event: 31.396 Thread 0x00000243cf928090 2891       1       java.io.ObjectStreamClass::getNumObjFields (5 bytes)
Event: 31.396 Thread 0x00000243cf928090 nmethod 2891 0x00000243c307e210 code [0x00000243c307e3a0, 0x00000243c307e478]
Event: 31.396 Thread 0x00000243cf928090 2896       3       java.io.ObjectStreamClass$FieldReflector::setObjFieldValues (263 bytes)
Event: 31.399 Thread 0x00000243cef8db10 2900       4       java.io.BufferedInputStream::read1 (108 bytes)

GC Heap History (10 events):
Event: 7.608 GC heap before
{Heap before GC invocations=0 (full 0):
 garbage-first heap   total 131072K, used 13312K [0x00000000c0000000, 0x0000000100000000)
  region size 1024K, 13 young (13312K), 0 survivors (0K)
 Metaspace       used 8460K, committed 8576K, reserved 1064960K
  class space    used 846K, committed 896K, reserved 1048576K
}
Event: 7.610 GC heap after
{Heap after GC invocations=1 (full 0):
 garbage-first heap   total 131072K, used 1779K [0x00000000c0000000, 0x0000000100000000)
  region size 1024K, 2 young (2048K), 2 survivors (2048K)
 Metaspace       used 8460K, committed 8576K, reserved 1064960K
  class space    used 846K, committed 896K, reserved 1048576K
}
Event: 8.693 GC heap before
{Heap before GC invocations=1 (full 0):
 garbage-first heap   total 131072K, used 20211K [0x00000000c0000000, 0x0000000100000000)
  region size 1024K, 20 young (20480K), 2 survivors (2048K)
 Metaspace       used 11364K, committed 11520K, reserved 1064960K
  class space    used 1137K, committed 1216K, reserved 1048576K
}
Event: 8.697 GC heap after
{Heap after GC invocations=2 (full 0):
 garbage-first heap   total 131072K, used 4352K [0x00000000c0000000, 0x0000000100000000)
  region size 1024K, 3 young (3072K), 3 survivors (3072K)
 Metaspace       used 11364K, committed 11520K, reserved 1064960K
  class space    used 1137K, committed 1216K, reserved 1048576K
}
Event: 22.480 GC heap before
{Heap before GC invocations=2 (full 0):
 garbage-first heap   total 131072K, used 60672K [0x00000000c0000000, 0x0000000100000000)
  region size 1024K, 58 young (59392K), 3 survivors (3072K)
 Metaspace       used 20390K, committed 20864K, reserved 1073152K
  class space    used 2041K, committed 2240K, reserved 1048576K
}
Event: 22.494 GC heap after
{Heap after GC invocations=3 (full 0):
 garbage-first heap   total 131072K, used 10551K [0x00000000c0000000, 0x0000000100000000)
  region size 1024K, 8 young (8192K), 8 survivors (8192K)
 Metaspace       used 20390K, committed 20864K, reserved 1073152K
  class space    used 2041K, committed 2240K, reserved 1048576K
}
Event: 22.591 GC heap before
{Heap before GC invocations=3 (full 0):
 garbage-first heap   total 131072K, used 12599K [0x00000000c0000000, 0x0000000100000000)
  region size 1024K, 11 young (11264K), 8 survivors (8192K)
 Metaspace       used 21055K, committed 21504K, reserved 1073152K
  class space    used 2086K, committed 2304K, reserved 1048576K
}
Event: 22.595 GC heap after
{Heap after GC invocations=4 (full 0):
 garbage-first heap   total 131072K, used 11743K [0x00000000c0000000, 0x0000000100000000)
  region size 1024K, 1 young (1024K), 1 survivors (1024K)
 Metaspace       used 21055K, committed 21504K, reserved 1073152K
  class space    used 2086K, committed 2304K, reserved 1048576K
}
Event: 23.876 GC heap before
{Heap before GC invocations=5 (full 0):
 garbage-first heap   total 45056K, used 36319K [0x00000000c0000000, 0x0000000100000000)
  region size 1024K, 26 young (26624K), 1 survivors (1024K)
 Metaspace       used 24475K, committed 25024K, reserved 1073152K
  class space    used 2367K, committed 2624K, reserved 1048576K
}
Event: 23.878 GC heap after
{Heap after GC invocations=6 (full 0):
 garbage-first heap   total 45056K, used 11965K [0x00000000c0000000, 0x0000000100000000)
  region size 1024K, 2 young (2048K), 2 survivors (2048K)
 Metaspace       used 24475K, committed 25024K, reserved 1073152K
  class space    used 2367K, committed 2624K, reserved 1048576K
}

Deoptimization events (20 events):
Event: 23.859 Thread 0x00000243d107e4e0 Uncommon trap: trap_request=0xffffff45 fr.pc=0x00000243c303edf0 relative=0x0000000000000630
Event: 23.859 Thread 0x00000243d107e4e0 Uncommon trap: reason=unstable_if action=reinterpret pc=0x00000243c303edf0 method=java.util.Properties.getProperty(Ljava/lang/String;)Ljava/lang/String; @ 36 c2
Event: 23.859 Thread 0x00000243d107e4e0 DEOPT PACKING pc=0x00000243c303edf0 sp=0x000000a9576fe170
Event: 23.859 Thread 0x00000243d107e4e0 DEOPT UNPACKING pc=0x00000243bb4c23a3 sp=0x000000a9576fe128 mode 2
Event: 23.865 Thread 0x00000243d107e4e0 Uncommon trap: trap_request=0xffffff45 fr.pc=0x00000243c305c604 relative=0x0000000000000824
Event: 23.865 Thread 0x00000243d107e4e0 Uncommon trap: reason=unstable_if action=reinterpret pc=0x00000243c305c604 method=java.util.Properties.load0(Ljava/util/Properties$LineReader;)V @ 186 c2
Event: 23.865 Thread 0x00000243d107e4e0 DEOPT PACKING pc=0x00000243c305c604 sp=0x000000a9576fd410
Event: 23.865 Thread 0x00000243d107e4e0 DEOPT UNPACKING pc=0x00000243bb4c23a3 sp=0x000000a9576fd3a8 mode 2
Event: 24.353 Thread 0x00000243d107e4e0 DEOPT PACKING pc=0x00000243bbf60fd6 sp=0x000000a9576fb190
Event: 24.353 Thread 0x00000243d107e4e0 DEOPT UNPACKING pc=0x00000243bb4c2b43 sp=0x000000a9576fa618 mode 0
Event: 26.104 Thread 0x00000243d107e4e0 DEOPT PACKING pc=0x00000243bbf60fd6 sp=0x000000a9576fb9a0
Event: 26.104 Thread 0x00000243d107e4e0 DEOPT UNPACKING pc=0x00000243bb4c2b43 sp=0x000000a9576fae28 mode 0
Event: 30.052 Thread 0x00000243d107e4e0 Uncommon trap: trap_request=0xffffff45 fr.pc=0x00000243c302da74 relative=0x0000000000002174
Event: 30.052 Thread 0x00000243d107e4e0 Uncommon trap: reason=unstable_if action=reinterpret pc=0x00000243c302da74 method=java.util.jar.Manifest$FastInputStream.peek()B @ 23 c2
Event: 30.052 Thread 0x00000243d107e4e0 DEOPT PACKING pc=0x00000243c302da74 sp=0x000000a9576fb7e0
Event: 30.052 Thread 0x00000243d107e4e0 DEOPT UNPACKING pc=0x00000243bb4c23a3 sp=0x000000a9576fb778 mode 2
Event: 30.862 Thread 0x00000243d107e4e0 Uncommon trap: trap_request=0xffffff45 fr.pc=0x00000243c300ca44 relative=0x00000000000000a4
Event: 30.862 Thread 0x00000243d107e4e0 Uncommon trap: reason=unstable_if action=reinterpret pc=0x00000243c300ca44 method=java.util.jar.Manifest$FastInputStream.peek()B @ 23 c2
Event: 30.862 Thread 0x00000243d107e4e0 DEOPT PACKING pc=0x00000243c300ca44 sp=0x000000a9576fb6d0
Event: 30.862 Thread 0x00000243d107e4e0 DEOPT UNPACKING pc=0x00000243bb4c23a3 sp=0x000000a9576fb660 mode 2

Classes unloaded (0 events):
No events

Classes redefined (0 events):
No events

Internal exceptions (20 events):
Event: 8.621 Thread 0x00000243b8802540 Exception <a 'java/lang/NoSuchMethodError'{0x00000000c70f7138}: 'void java.lang.invoke.DirectMethodHandle$Holder.invokeInterface(java.lang.Object, java.lang.Object)'> (0x00000000c70f7138) 
thrown [e:\jenkins\tmp\workspace\build\src\src\hotspot\share\interpreter\linkResolver.cpp, line 766]
Event: 8.628 Thread 0x00000243b8802540 Exception <a 'java/lang/NoSuchMethodError'{0x00000000c6f4c010}: 'java.lang.Object java.lang.invoke.DirectMethodHandle$Holder.newInvokeSpecial(java.lang.Object, int, java.lang.Object, java.lang.Object)'> (0x00000000c6f4c010) 
thrown [e:\jenkins\tmp\workspace\build\src\src\hotspot\share\interpreter\linkResolver.cpp, line 766]
Event: 8.682 Thread 0x00000243b8802540 Exception <a 'java/lang/NoSuchMethodError'{0x00000000c6c4d778}: 'void java.lang.invoke.DirectMethodHandle$Holder.invokeStatic(java.lang.Object, java.lang.Object, java.lang.Object, java.lang.Object)'> (0x00000000c6c4d778) 
thrown [e:\jenkins\tmp\workspace\build\src\src\hotspot\share\interpreter\linkResolver.cpp, line 766]
Event: 8.715 Thread 0x00000243b8802540 Exception <a 'java/lang/NoSuchMethodError'{0x00000000c7e59da0}: 'java.lang.Object java.lang.invoke.Invokers$Holder.invokeExact_MT(java.lang.Object, java.lang.Object, java.lang.Object, java.lang.Object, java.lang.Object, java.lang.Object)'> (0x00000000c7e59da0) 
thrown [e:\jenkins\tmp\workspace\build\src\src\hotspot\share\interpreter\linkResolver.cpp, line 766]
Event: 8.955 Thread 0x00000243b8802540 Exception <a 'java/lang/NoSuchMethodError'{0x00000000c78aa5d8}: 'java.lang.Object java.lang.invoke.DirectMethodHandle$Holder.newInvokeSpecial(java.lang.Object, int, java.lang.Object)'> (0x00000000c78aa5d8) 
thrown [e:\jenkins\tmp\workspace\build\src\src\hotspot\share\interpreter\linkResolver.cpp, line 766]
Event: 9.095 Thread 0x00000243b8802540 Exception <a 'java/lang/UnsatisfiedLinkError'{0x00000000c74f85b8}: 'void org.eclipse.equinox.launcher.JNIBridge._update_splash()'> (0x00000000c74f85b8) 
thrown [e:\jenkins\tmp\workspace\build\src\src\hotspot\share\prims\nativeLookup.cpp, line 543]
Event: 9.098 Thread 0x00000243d107e4e0 Exception <a 'java/lang/NoSuchMethodError'{0x00000000c7319720}: 'java.lang.Object java.lang.invoke.Invokers$Holder.linkToTargetMethod(java.lang.Object, java.lang.Object, java.lang.Object, int, java.lang.Object)'> (0x00000000c7319720) 
thrown [e:\jenkins\tmp\workspace\build\src\src\hotspot\share\interpreter\linkResolver.cpp, line 766]
Event: 16.022 Thread 0x00000243d107e4e0 Exception <a 'java/io/FileNotFoundException'{0x00000000c59142c8}> (0x00000000c59142c8) 
thrown [e:\jenkins\tmp\workspace\build\src\src\hotspot\share\prims\jni.cpp, line 516]
Event: 16.727 Thread 0x00000243d107e4e0 Exception <a 'java/lang/NoSuchMethodError'{0x00000000c5630378}: 'void java.lang.invoke.DirectMethodHandle$Holder.invokeInterface(java.lang.Object, java.lang.Object, java.lang.Object)'> (0x00000000c5630378) 
thrown [e:\jenkins\tmp\workspace\build\src\src\hotspot\share\interpreter\linkResolver.cpp, line 766]
Event: 18.293 Thread 0x00000243d107e4e0 Exception <a 'java/io/FileNotFoundException'{0x00000000c4fee000}> (0x00000000c4fee000) 
thrown [e:\jenkins\tmp\workspace\build\src\src\hotspot\share\prims\jni.cpp, line 516]
Event: 21.655 Thread 0x00000243d107e4e0 Exception <a 'java/lang/NoSuchMethodError'{0x00000000c493f428}: 'int java.lang.invoke.DirectMethodHandle$Holder.invokeStaticInit(java.lang.Object, java.lang.Object, java.lang.Object)'> (0x00000000c493f428) 
thrown [e:\jenkins\tmp\workspace\build\src\src\hotspot\share\interpreter\linkResolver.cpp, line 766]
Event: 21.664 Thread 0x00000243d107e4e0 Exception <a 'java/lang/IncompatibleClassChangeError'{0x00000000c4853d48}: Found class java.lang.Object, but interface was expected> (0x00000000c4853d48) 
thrown [e:\jenkins\tmp\workspace\build\src\src\hotspot\share\interpreter\linkResolver.cpp, line 833]
Event: 22.447 Thread 0x00000243d107e4e0 Exception <a 'sun/nio/fs/WindowsException'{0x00000000c465c798}> (0x00000000c465c798) 
thrown [e:\jenkins\tmp\workspace\build\src\src\hotspot\share\prims\jni.cpp, line 516]
Event: 22.976 Thread 0x00000243d107e4e0 Exception <a 'java/io/FileNotFoundException'{0x00000000c295a9a8}> (0x00000000c295a9a8) 
thrown [e:\jenkins\tmp\workspace\build\src\src\hotspot\share\prims\jni.cpp, line 516]
Event: 22.977 Thread 0x00000243d107e4e0 Exception <a 'java/io/FileNotFoundException'{0x00000000c295bb10}> (0x00000000c295bb10) 
thrown [e:\jenkins\tmp\workspace\build\src\src\hotspot\share\prims\jni.cpp, line 516]
Event: 23.541 Thread 0x00000243d107e4e0 Exception <a 'java/lang/ClassNotFoundException'{0x00000000c17f6970}: com/sun/org/apache/xerces/internal/impl/msg/spi/DOMMessagesProvider> (0x00000000c17f6970) 
thrown [e:\jenkins\tmp\workspace\build\src\src\hotspot\share\classfile\systemDictionary.cpp, line 256]
Event: 23.544 Thread 0x00000243d107e4e0 Exception <a 'java/lang/ClassNotFoundException'{0x00000000c1624458}: com/sun/org/apache/xerces/internal/impl/msg/spi/XMLSerializerMessagesProvider> (0x00000000c1624458) 
thrown [e:\jenkins\tmp\workspace\build\src\src\hotspot\share\classfile\systemDictionary.cpp, line 256]
Event: 23.545 Thread 0x00000243d107e4e0 Exception <a 'java/lang/ClassNotFoundException'{0x00000000c163ca50}: com/sun/org/apache/xerces/internal/impl/msg/spi/XMLMessagesProvider> (0x00000000c163ca50) 
thrown [e:\jenkins\tmp\workspace\build\src\src\hotspot\share\classfile\systemDictionary.cpp, line 256]
Event: 23.862 Thread 0x00000243d107e4e0 Exception <a 'java/lang/ClassNotFoundException'{0x00000000c123da18}: com/sun/org/apache/xml/internal/serializer/spi/XMLEntitiesProvider> (0x00000000c123da18) 
thrown [e:\jenkins\tmp\workspace\build\src\src\hotspot\share\classfile\systemDictionary.cpp, line 256]
Event: 31.292 Thread 0x00000243d107e4e0 Exception <a 'java/lang/NoSuchMethodError'{0x00000000c22fc800}: 'void java.lang.invoke.DirectMethodHandle$Holder.invokeSpecial(java.lang.Object, java.lang.Object, java.lang.Object, int)'> (0x00000000c22fc800) 
thrown [e:\jenkins\tmp\workspace\build\src\src\hotspot\share\interpreter\linkResolver.cpp, line 766]

VM Operations (20 events):
Event: 22.590 Executing VM operation: CollectForMetadataAllocation
Event: 22.595 Executing VM operation: CollectForMetadataAllocation done
Event: 22.603 Executing VM operation: G1Concurrent
Event: 22.604 Executing VM operation: G1Concurrent done
Event: 22.613 Executing VM operation: G1Concurrent
Event: 22.613 Executing VM operation: G1Concurrent done
Event: 23.523 Executing VM operation: HandshakeAllThreads
Event: 23.523 Executing VM operation: HandshakeAllThreads done
Event: 23.861 Executing VM operation: HandshakeAllThreads
Event: 23.861 Executing VM operation: HandshakeAllThreads done
Event: 23.861 Executing VM operation: Cleanup
Event: 23.862 Executing VM operation: Cleanup done
Event: 23.863 Executing VM operation: HandshakeAllThreads
Event: 23.863 Executing VM operation: HandshakeAllThreads done
Event: 23.876 Executing VM operation: G1CollectForAllocation
Event: 23.878 Executing VM operation: G1CollectForAllocation done
Event: 25.879 Executing VM operation: Cleanup
Event: 25.879 Executing VM operation: Cleanup done
Event: 26.879 Executing VM operation: Cleanup
Event: 26.879 Executing VM operation: Cleanup done

Events (20 events):
Event: 31.354 loading class java/lang/IllegalStateException
Event: 31.354 loading class java/lang/IllegalStateException done
Event: 31.355 loading class java/io/ObjectStreamClass$ClassDataSlot
Event: 31.355 loading class java/io/ObjectStreamClass$ClassDataSlot done
Event: 31.355 loading class java/io/ObjectInputStream$FieldValues
Event: 31.355 loading class java/io/ObjectInputStream$GetField
Event: 31.355 loading class java/io/ObjectInputStream$GetField done
Event: 31.355 loading class java/io/ObjectInputStream$FieldValues done
Event: 31.356 loading class java/io/SerialCallbackContext
Event: 31.356 loading class java/io/SerialCallbackContext done
Event: 31.356 loading class java/util/HashMap$UnsafeHolder
Event: 31.356 loading class java/util/HashMap$UnsafeHolder done
Event: 31.406 loading class java/io/FilenameFilter
Event: 31.406 loading class java/io/FilenameFilter done
Event: 31.406 loading class java/io/FileFilter
Event: 31.406 loading class java/io/FileFilter done
Event: 31.456 loading class java/io/ObjectStreamClass$ExceptionInfo
Event: 31.456 loading class java/io/ObjectStreamClass$ExceptionInfo done
Event: 31.458 loading class java/util/function/UnaryOperator
Event: 31.458 loading class java/util/function/UnaryOperator done


Dynamic libraries:
0x00007ff682d10000 - 0x00007ff682d1e000 	c:\Users\stagiaire-it\.vscode\extensions\redhat.java-1.3.0\jre\17.0.1-win32-x86_64\bin\java.exe
0x00007ff9bb960000 - 0x00007ff9bbb41000 	C:\WINDOWS\SYSTEM32\ntdll.dll
0x00007ff9b8e40000 - 0x00007ff9b8ef1000 	C:\WINDOWS\System32\KERNEL32.DLL
0x00007ff9b81d0000 - 0x00007ff9b8443000 	C:\WINDOWS\System32\KERNELBASE.dll
0x000000006c730000 - 0x000000006c7c3000 	C:\WINDOWS\System32\SYSFER.DLL
0x00007ff9b7e70000 - 0x00007ff9b7f68000 	C:\WINDOWS\System32\ucrtbase.dll
0x00007ff978390000 - 0x00007ff9783a9000 	c:\Users\stagiaire-it\.vscode\extensions\redhat.java-1.3.0\jre\17.0.1-win32-x86_64\bin\VCRUNTIME140.dll
0x00007ff972080000 - 0x00007ff972098000 	c:\Users\stagiaire-it\.vscode\extensions\redhat.java-1.3.0\jre\17.0.1-win32-x86_64\bin\jli.dll
0x00007ff9b9ba0000 - 0x00007ff9b9d30000 	C:\WINDOWS\System32\USER32.dll
0x00007ff9b7f70000 - 0x00007ff9b7f90000 	C:\WINDOWS\System32\win32u.dll
0x00007ff9b9200000 - 0x00007ff9b9228000 	C:\WINDOWS\System32\GDI32.dll
0x00007ff9b8450000 - 0x00007ff9b85e1000 	C:\WINDOWS\System32\gdi32full.dll
0x00007ff99fba0000 - 0x00007ff99fe09000 	C:\WINDOWS\WinSxS\amd64_microsoft.windows.common-controls_6595b64144ccf1df_6.0.17134.1304_none_d3fbe61b7c93d9f0\COMCTL32.dll
0x00007ff9bb190000 - 0x00007ff9bb22e000 	C:\WINDOWS\System32\msvcrt.dll
0x00007ff9b9540000 - 0x00007ff9b9861000 	C:\WINDOWS\System32\combase.dll
0x00007ff9b9030000 - 0x00007ff9b9154000 	C:\WINDOWS\System32\RPCRT4.dll
0x00007ff9b8d00000 - 0x00007ff9b8d79000 	C:\WINDOWS\System32\bcryptPrimitives.dll
0x00007ff9b7dd0000 - 0x00007ff9b7e6f000 	C:\WINDOWS\System32\msvcp_win.dll
0x00007ff9b9160000 - 0x00007ff9b918d000 	C:\WINDOWS\System32\IMM32.DLL
0x00007ff989870000 - 0x00007ff98987c000 	c:\Users\stagiaire-it\.vscode\extensions\redhat.java-1.3.0\jre\17.0.1-win32-x86_64\bin\vcruntime140_1.dll
0x00007ff971fe0000 - 0x00007ff972071000 	c:\Users\stagiaire-it\.vscode\extensions\redhat.java-1.3.0\jre\17.0.1-win32-x86_64\bin\msvcp140.dll
0x00007ff96de60000 - 0x00007ff96eaa6000 	c:\Users\stagiaire-it\.vscode\extensions\redhat.java-1.3.0\jre\17.0.1-win32-x86_64\bin\server\jvm.dll
0x00007ff9bb290000 - 0x00007ff9bb331000 	C:\WINDOWS\System32\ADVAPI32.dll
0x00007ff9bb230000 - 0x00007ff9bb28b000 	C:\WINDOWS\System32\sechost.dll
0x00007ff9b91f0000 - 0x00007ff9b91f8000 	C:\WINDOWS\System32\PSAPI.DLL
0x00007ff978380000 - 0x00007ff978389000 	C:\WINDOWS\SYSTEM32\WSOCK32.dll
0x00007ff9b9320000 - 0x00007ff9b938c000 	C:\WINDOWS\System32\WS2_32.dll
0x00007ff9b5f60000 - 0x00007ff9b5f83000 	C:\WINDOWS\SYSTEM32\WINMM.dll
0x00007ff9b29e0000 - 0x00007ff9b29ea000 	C:\WINDOWS\SYSTEM32\VERSION.dll
0x00007ff9b5f30000 - 0x00007ff9b5f5a000 	C:\WINDOWS\SYSTEM32\WINMMBASE.dll
0x00007ff9b7f90000 - 0x00007ff9b7fd9000 	C:\WINDOWS\System32\cfgmgr32.dll
0x00007ff9b7d00000 - 0x00007ff9b7d11000 	C:\WINDOWS\System32\kernel.appcore.dll
0x00007ff971eb0000 - 0x00007ff971eba000 	c:\Users\stagiaire-it\.vscode\extensions\redhat.java-1.3.0\jre\17.0.1-win32-x86_64\bin\jimage.dll
0x00007ff9a6f30000 - 0x00007ff9a70f9000 	C:\WINDOWS\SYSTEM32\DBGHELP.DLL
0x00007ff9a6f00000 - 0x00007ff9a6f29000 	C:\WINDOWS\SYSTEM32\dbgcore.DLL
0x00007ff971ea0000 - 0x00007ff971eae000 	c:\Users\stagiaire-it\.vscode\extensions\redhat.java-1.3.0\jre\17.0.1-win32-x86_64\bin\instrument.dll
0x00007ff971e70000 - 0x00007ff971e95000 	c:\Users\stagiaire-it\.vscode\extensions\redhat.java-1.3.0\jre\17.0.1-win32-x86_64\bin\java.dll
0x00007ff96daa0000 - 0x00007ff96dab8000 	c:\Users\stagiaire-it\.vscode\extensions\redhat.java-1.3.0\jre\17.0.1-win32-x86_64\bin\zip.dll
0x00007ff9b9d30000 - 0x00007ff9bb175000 	C:\WINDOWS\System32\SHELL32.dll
0x00007ff9b8f80000 - 0x00007ff9b9029000 	C:\WINDOWS\System32\shcore.dll
0x00007ff9b85f0000 - 0x00007ff9b8d00000 	C:\WINDOWS\System32\windows.storage.dll
0x00007ff9b9190000 - 0x00007ff9b91e1000 	C:\WINDOWS\System32\shlwapi.dll
0x00007ff9b7ce0000 - 0x00007ff9b7cff000 	C:\WINDOWS\System32\profapi.dll
0x00007ff9b7c70000 - 0x00007ff9b7cbc000 	C:\WINDOWS\System32\powrprof.dll
0x00007ff9b7c60000 - 0x00007ff9b7c6a000 	C:\WINDOWS\System32\FLTLIB.DLL
0x00007ff971e20000 - 0x00007ff971e39000 	C:\Users\stagiaire-it\.vscode\extensions\redhat.java-1.3.0\jre\17.0.1-win32-x86_64\bin\net.dll
0x00007ff9b3fb0000 - 0x00007ff9b408d000 	C:\WINDOWS\SYSTEM32\WINHTTP.dll
0x00007ff9b74e0000 - 0x00007ff9b7546000 	C:\WINDOWS\system32\mswsock.dll
0x00007ff971e00000 - 0x00007ff971e15000 	C:\Users\stagiaire-it\.vscode\extensions\redhat.java-1.3.0\jre\17.0.1-win32-x86_64\bin\nio.dll
0x00007ff9b7690000 - 0x00007ff9b76a7000 	C:\WINDOWS\SYSTEM32\CRYPTSP.dll
0x00007ff9b7090000 - 0x00007ff9b70c3000 	C:\WINDOWS\system32\rsaenh.dll
0x00007ff9b77c0000 - 0x00007ff9b77e5000 	C:\WINDOWS\SYSTEM32\bcrypt.dll
0x00007ff9b7b60000 - 0x00007ff9b7b88000 	C:\WINDOWS\SYSTEM32\USERENV.dll
0x00007ff9b76b0000 - 0x00007ff9b76bb000 	C:\WINDOWS\SYSTEM32\CRYPTBASE.dll
0x00007ff9b7230000 - 0x00007ff9b7268000 	C:\WINDOWS\SYSTEM32\IPHLPAPI.DLL
0x00007ff9b9390000 - 0x00007ff9b9398000 	C:\WINDOWS\System32\NSI.dll
0x00007ff9b2a10000 - 0x00007ff9b2a26000 	C:\WINDOWS\SYSTEM32\dhcpcsvc6.DLL
0x00007ff9b29f0000 - 0x00007ff9b2a0a000 	C:\WINDOWS\SYSTEM32\dhcpcsvc.DLL
0x00007ff96da60000 - 0x00007ff96da9e000 	C:\Users\stagiaire-it\AppData\Roaming\Code\User\globalStorage\redhat.java\1.3.0\config_win\org.eclipse.equinox.launcher\org.eclipse.equinox.launcher.win32.win32.x86_64_1.2.400.v20211117-0650\eclipse_11602.dll
0x00007ff9b9a40000 - 0x00007ff9b9b91000 	C:\WINDOWS\System32\ole32.dll

dbghelp: loaded successfully - version: 4.0.5 - missing functions: none
symbol engine: initialized successfully - sym options: 0x614 - pdb path: .;c:\Users\stagiaire-it\.vscode\extensions\redhat.java-1.3.0\jre\17.0.1-win32-x86_64\bin;C:\WINDOWS\SYSTEM32;C:\WINDOWS\WinSxS\amd64_microsoft.windows.common-controls_6595b64144ccf1df_6.0.17134.1304_none_d3fbe61b7c93d9f0;c:\Users\stagiaire-it\.vscode\extensions\redhat.java-1.3.0\jre\17.0.1-win32-x86_64\bin\server;C:\Users\stagiaire-it\AppData\Roaming\Code\User\globalStorage\redhat.java\1.3.0\config_win\org.eclipse.equinox.launcher\org.eclipse.equinox.launcher.win32.win32.x86_64_1.2.400.v20211117-0650

VM Arguments:
jvm_args: --add-modules=ALL-SYSTEM --add-opens=java.base/java.util=ALL-UNNAMED --add-opens=java.base/java.lang=ALL-UNNAMED --add-opens=java.base/sun.nio.fs=ALL-UNNAMED -Declipse.application=org.eclipse.jdt.ls.core.id1 -Dosgi.bundles.defaultStartLevel=4 -Declipse.product=org.eclipse.jdt.ls.core.product -Djava.import.generatesMetadataFilesAtProjectRoot=false -Dfile.encoding=utf8 -DwatchParentProcess=false -Xverify:none -Xmx1G -XX:+UseG1GC -XX:+UseStringDeduplication -javaagent:c:\Users\stagiaire-it\.vscode\extensions\gabrielbb.vscode-lombok-1.0.1\server\lombok.jar -XX:+HeapDumpOnOutOfMemoryError -XX:HeapDumpPath=c:\Users\stagiaire-it\AppData\Roaming\Code\User\workspaceStorage\501bcdc318e3f6f3d531f882153e46c1\redhat.java 
java_command: c:\Users\stagiaire-it\.vscode\extensions\redhat.java-1.3.0\server\plugins\org.eclipse.equinox.launcher_1.6.400.v20210924-0641.jar -configuration c:\Users\stagiaire-it\AppData\Roaming\Code\User\globalStorage\redhat.java\1.3.0\config_win -data c:\Users\stagiaire-it\AppData\Roaming\Code\User\workspaceStorage\501bcdc318e3f6f3d531f882153e46c1\redhat.java\jdt_ws
java_class_path (initial): c:\Users\stagiaire-it\.vscode\extensions\redhat.java-1.3.0\server\plugins\org.eclipse.equinox.launcher_1.6.400.v20210924-0641.jar
Launcher Type: SUN_STANDARD

[Global flags]
     intx CICompilerCount                          = 3                                         {product} {ergonomic}
     uint ConcGCThreads                            = 1                                         {product} {ergonomic}
     uint G1ConcRefinementThreads                  = 4                                         {product} {ergonomic}
   size_t G1HeapRegionSize                         = 1048576                                   {product} {ergonomic}
    uintx GCDrainStackTargetSize                   = 64                                        {product} {ergonomic}
     bool HeapDumpOnOutOfMemoryError               = true                                   {manageable} {command line}
    ccstr HeapDumpPath                             = c:\Users\stagiaire-it\AppData\Roaming\Code\User\workspaceStorage\501bcdc318e3f6f3d531f882153e46c1\redhat.java         {manageable} {command line}
   size_t InitialHeapSize                          = 134217728                                 {product} {ergonomic}
   size_t MarkStackSize                            = 4194304                                   {product} {ergonomic}
   size_t MaxHeapSize                              = 1073741824                                {product} {command line}
   size_t MaxNewSize                               = 643825664                                 {product} {ergonomic}
   size_t MinHeapDeltaBytes                        = 1048576                                   {product} {ergonomic}
   size_t MinHeapSize                              = 8388608                                   {product} {ergonomic}
    uintx NonNMethodCodeHeapSize                   = 5832780                                {pd product} {ergonomic}
    uintx NonProfiledCodeHeapSize                  = 122912730                              {pd product} {ergonomic}
    uintx ProfiledCodeHeapSize                     = 122912730                              {pd product} {ergonomic}
    uintx ReservedCodeCacheSize                    = 251658240                              {pd product} {ergonomic}
     bool SegmentedCodeCache                       = true                                      {product} {ergonomic}
   size_t SoftMaxHeapSize                          = 1073741824                             {manageable} {ergonomic}
     bool UseCompressedClassPointers               = true                           {product lp64_product} {ergonomic}
     bool UseCompressedOops                        = true                           {product lp64_product} {ergonomic}
     bool UseG1GC                                  = true                                      {product} {command line}
     bool UseLargePagesIndividualAllocation        = false                                  {pd product} {ergonomic}
     bool UseStringDeduplication                   = true                                      {product} {command line}

Logging:
Log output configuration:
 #0: stdout all=warning uptime,level,tags
 #1: stderr all=off uptime,level,tags

Environment Variables:
PATH=C:\Program Files\Common Files\Oracle\Java\javapath;C:\WINDOWS\system32;C:\WINDOWS;C:\WINDOWS\System32\Wbem;C:\WINDOWS\System32\WindowsPowerShell\v1.0\;C:\WINDOWS\System32\OpenSSH\;C:\Program Files (x86)\Google\Google Apps Sync\;C:\Program Files (x86)\Google\Google Apps Migration\;C:\Program Files (x86)\HP\Common\HPDestPlgIn\;C:\Program Files (x86)\HP\IdrsOCR_15.3.1129.0\;C:\apache-maven-3.8.4\bin;C:\Program Files\nodejs\;C:\ProgramData\chocolatey\bin;C:\Users\stagiaire-it\AppData\Local\Microsoft\WindowsApps;C:\Users\stagiaire-it\AppData\Local\Programs\Microsoft VS Code\bin;C:\Users\stagiaire-it\AppData\Local\Programs\Git\cmd;C:\Users\stagiaire-it\AppData\Roaming\npm
USERNAME=stagiaire-it
OS=Windows_NT
PROCESSOR_IDENTIFIER=Intel64 Family 6 Model 158 Stepping 9, GenuineIntel



---------------  S Y S T E M  ---------------

OS:
 Windows 10 , 64 bit Build 17134 (10.0.17134.753)
OS uptime: 0 days 0:04 hours

CPU: total 4 (initial active 4) (4 cores per cpu, 1 threads per core) family 6 model 158 stepping 9 microcode 0x8e, cx8, cmov, fxsr, mmx, 3dnowpref, sse, sse2, sse3, ssse3, sse4.1, sse4.2, popcnt, lzcnt, tsc, tscinvbit, avx, avx2, aes, erms, clmul, bmi1, bmi2, rtm, adx, fma, vzeroupper, clflush, clflushopt

Memory: 4k page, system-wide physical 8071M (4701M free)
TotalPageFile size 16775M (AvailPageFile size 13534M)
current process WorkingSet (physical memory assigned to process): 135M, peak: 144M
current process commit charge ("private bytes"): 169M, peak: 233M

vm_info: OpenJDK 64-Bit Server VM (17.0.1+12) for windows-amd64 JRE (17.0.1+12), built on Oct 20 2021 07:42:55 by "" with MS VC++ 16.7 (VS2019)

END.
